This file contains any messages produced by compilers while
running configure, to aid debugging if configure makes a mistake.

configure:546: checking for gcc
configure:623: checking whether the C compiler (gcc  ) works
configure:637: gcc -o conftest    conftest.c  1>&5
configure:657: checking whether the C compiler (gcc  ) is a cross-compiler
configure:662: checking whether we are using GNU C
configure:686: checking whether gcc accepts -g
configure:714: checking for POSIXized ISC
configure:738: checking whether the C compiler (gcc) compiles and links a simple C program
configure:785: checking for c++
configure:816: checking whether the C++ compiler (c++  ) works
configure:830: c++ -o conftest    conftest.C  1>&5
configure:856: checking whether the C++ compiler (c++  ) is a cross-compiler
configure:861: checking whether we are using GNU C++
configure:885: checking whether c++ accepts -g
configure:1068: checking whether the C++ compiler (c++) compiles a simple program
configure:1143: checking how to run the C preprocessor
configure:1204: checking how to run the C++ preprocessor
configure:1250: checking for a traditional C preprocessor
configure:1307: checking for termio.h
configure:1307: checking for sys/param.h
configure:1345: checking for sin in -lm
configure:1386: checking for open in -lc
configure:1427: checking for regcmp in -lgen
configure:1485: checking for X
configure:1799: checking for dnet_ntoa in -ldnet
configure:1840: checking for dnet_ntoa in -ldnet_stub
configure:1888: checking for gethostbyname
configure:1986: checking for connect
configure:2078: checking for remove
configure:2170: checking for shmat
configure:2271: checking for IceConnectionNumber in -lICE
configure:2342: checking for Motif
configure:2555: checking for Athena
configure:2764: checking for Xpm
configure:2956: checking for XOpenDisplay in -lX11
configure:3005: checking for _Xlcmbcurmax in -lXintl
configure:3045: checking for shmap in -lipc
configure:3086: checking for XtToolkitInitialize in -lXt
configure:3134: checking for XShapeQueryVersion in -lXext
configure:3178: checking for XmuCvtStringToOrientation in -lXmu
configure:3218: checking for XawTextSetInsertionPoint in -lXaw
configure:3276: checking for X11/Xaw/Form.h
configure:3276: checking for X11/Xaw/Panner.h
configure:3276: checking for X11/Xaw/Porthole.h
configure:3316: checking for X11/Xmu/Editres.h
configure:3356: checking for XpmCreatePixmapFromXpmImage in -lXpm
configure:3404: checking for X11/xpm.h
configure:3404: checking for xpm.h
configure:3447: checking for XpSelectInput in -lXp
configure:3491: checking for XmCreateOptionMenu in -lXm
